2022-10-25 19:36:33.420  INFO 26340 --- [restartedMain] .e.DevToolsPropertyDefaultsPostProcessor : Devtools property defaults active! Set 'spring.devtools.add-properties' to 'false' to disable
2022-10-25 19:36:33.425  INFO 26340 --- [restartedMain] .e.DevToolsPropertyDefaultsPostProcessor : For additional web related logging consider setting the 'logging.level.web' property to 'DEBUG'
2022-10-25 19:36:33.965  INFO 26340 --- [restartedMain] .s.d.r.c.RepositoryConfigurationDelegate : Multiple Spring Data modules found, entering strict repository configuration mode!
2022-10-25 19:36:33.965  INFO 26340 --- [restartedMain] .s.d.r.c.RepositoryConfigurationDelegate : Bootstrapping Spring Data JDBC repositories in DEFAULT mode.
2022-10-25 19:36:33.991  INFO 26340 --- [restartedMain] .RepositoryConfigurationExtensionSupport : Spring Data JDBC - Could not safely identify store assignment for repository candidate interface com.example.paymybuddy.dao.IContactRepository. If you want this repository to be a JDBC repository, consider annotating your entities with one of these annotations: org.springframework.data.relational.core.mapping.Table.
2022-10-25 19:36:33.992  INFO 26340 --- [restartedMain] .RepositoryConfigurationExtensionSupport : Spring Data JDBC - Could not safely identify store assignment for repository candidate interface com.example.paymybuddy.dao.IRefillBalanceRepository. If you want this repository to be a JDBC repository, consider annotating your entities with one of these annotations: org.springframework.data.relational.core.mapping.Table.
2022-10-25 19:36:33.994  INFO 26340 --- [restartedMain] .RepositoryConfigurationExtensionSupport : Spring Data JDBC - Could not safely identify store assignment for repository candidate interface com.example.paymybuddy.dao.ITransactionRepository. If you want this repository to be a JDBC repository, consider annotating your entities with one of these annotations: org.springframework.data.relational.core.mapping.Table.
2022-10-25 19:36:33.995  INFO 26340 --- [restartedMain] .RepositoryConfigurationExtensionSupport : Spring Data JDBC - Could not safely identify store assignment for repository candidate interface com.example.paymybuddy.dao.IUserListRepository. If you want this repository to be a JDBC repository, consider annotating your entities with one of these annotations: org.springframework.data.relational.core.mapping.Table.
2022-10-25 19:36:33.996  INFO 26340 --- [restartedMain] .RepositoryConfigurationExtensionSupport : Spring Data JDBC - Could not safely identify store assignment for repository candidate interface com.example.paymybuddy.dao.IUserRepository. If you want this repository to be a JDBC repository, consider annotating your entities with one of these annotations: org.springframework.data.relational.core.mapping.Table.
2022-10-25 19:36:33.996  INFO 26340 --- [restartedMain] .s.d.r.c.RepositoryConfigurationDelegate : Finished Spring Data repository scanning in 27 ms. Found 0 JDBC repository interfaces.
2022-10-25 19:36:34.002  INFO 26340 --- [restartedMain] .s.d.r.c.RepositoryConfigurationDelegate : Multiple Spring Data modules found, entering strict repository configuration mode!
2022-10-25 19:36:34.003  INFO 26340 --- [restartedMain] .s.d.r.c.RepositoryConfigurationDelegate : Bootstrapping Spring Data JPA repositories in DEFAULT mode.
2022-10-25 19:36:34.032  INFO 26340 --- [restartedMain] .s.d.r.c.RepositoryConfigurationDelegate : Finished Spring Data repository scanning in 25 ms. Found 5 JPA repository interfaces.
2022-10-25 19:36:34.431  INFO 26340 --- [restartedMain] o.s.b.w.embedded.tomcat.TomcatWebServer  : Tomcat initialized with port(s): 8080 (http)
2022-10-25 19:36:34.518  INFO 26340 --- [restartedMain] w.s.c.ServletWebServerApplicationContext : Root WebApplicationContext: initialization completed in 1092 ms
2022-10-25 19:36:34.879  INFO 26340 --- [restartedMain] o.s.b.a.h2.H2ConsoleAutoConfiguration    : H2 console available at '/h2-console'. Database available at 'jdbc:mysql://localhost:3306/dbpaymybuddy'
2022-10-25 19:36:35.533  INFO 26340 --- [restartedMain] j.LocalContainerEntityManagerFactoryBean : Initialized JPA EntityManagerFactory for persistence unit 'default'
2022-10-25 19:36:35.822  WARN 26340 --- [restartedMain] JpaBaseConfiguration$JpaWebConfiguration : spring.jpa.open-in-view is enabled by default. Therefore, database queries may be performed during view rendering. Explicitly configure spring.jpa.open-in-view to disable this warning
2022-10-25 19:36:35.916  INFO 26340 --- [restartedMain] o.s.s.web.DefaultSecurityFilterChain     : Will secure Ant [pattern='/resources/**'] with []
2022-10-25 19:36:35.916  INFO 26340 --- [restartedMain] o.s.s.web.DefaultSecurityFilterChain     : Will secure Ant [pattern='/static/**'] with []
2022-10-25 19:36:35.917  INFO 26340 --- [restartedMain] o.s.s.web.DefaultSecurityFilterChain     : Will secure Ant [pattern='/static/fonts/**'] with []
2022-10-25 19:36:35.917  INFO 26340 --- [restartedMain] o.s.s.web.DefaultSecurityFilterChain     : Will secure Ant [pattern='/error'] with []
2022-10-25 19:36:35.937  INFO 26340 --- [restartedMain] o.s.s.web.DefaultSecurityFilterChain     : Will secure any request with [org.springframework.security.web.context.request.async.WebAsyncManagerIntegrationFilter@7039da59, org.springframework.security.web.context.SecurityContextPersistenceFilter@19a08cdd, org.springframework.security.web.header.HeaderWriterFilter@4f5faa5e, org.springframework.security.web.csrf.CsrfFilter@26198af9, org.springframework.security.web.authentication.logout.LogoutFilter@2285ab89, org.springframework.security.web.authentication.UsernamePasswordAuthenticationFilter@45f8751e, org.springframework.security.web.savedrequest.RequestCacheAwareFilter@53a5e211, org.springframework.security.web.servletapi.SecurityContextHolderAwareRequestFilter@4a63f9ff, org.springframework.security.web.authentication.rememberme.RememberMeAuthenticationFilter@57024208, org.springframework.security.web.authentication.AnonymousAuthenticationFilter@c4b7c53, org.springframework.security.web.session.SessionManagementFilter@74f09343, org.springframework.security.web.access.ExceptionTranslationFilter@30dc5f30, org.springframework.security.web.access.intercept.FilterSecurityInterceptor@258c8c34]
2022-10-25 19:36:36.271  INFO 26340 --- [restartedMain] o.s.b.d.a.OptionalLiveReloadServer       : LiveReload server is running on port 35729
2022-10-25 19:36:36.297  INFO 26340 --- [restartedMain] o.s.b.w.embedded.tomcat.TomcatWebServer  : Tomcat started on port(s): 8080 (http) with context path ''
2022-10-25 19:36:48.786  INFO 26340 --- [http-nio-8080-exec-1] o.s.web.servlet.DispatcherServlet        : Initializing Servlet 'dispatcherServlet'
2022-10-25 19:36:48.786  INFO 26340 --- [http-nio-8080-exec-1] o.s.web.servlet.DispatcherServlet        : Completed initialization in 0 ms
