2023-11-05 23:25:16.801  INFO 19788 --- [restartedMain] c.e.paymybuddy.PaymybuddyApplication     : Starting PaymybuddyApplication using Java 17.0.6 on LAPTOP-PN5D3RE4 with PID 19788 (D:\prog_web\prog\Project 6\Practice\my_project\production\paymybuddy\target\classes started by igoro in D:\prog_web\prog\Project 6\Practice\my_project\production\paymybuddy)
2023-11-05 23:25:16.809  INFO 19788 --- [restartedMain] c.e.paymybuddy.PaymybuddyApplication     : No active profile set, falling back to default profiles: default
2023-11-05 23:25:16.841  INFO 19788 --- [restartedMain] .e.DevToolsPropertyDefaultsPostProcessor : Devtools property defaults active! Set 'spring.devtools.add-properties' to 'false' to disable
2023-11-05 23:25:16.841  INFO 19788 --- [restartedMain] .e.DevToolsPropertyDefaultsPostProcessor : For additional web related logging consider setting the 'logging.level.web' property to 'DEBUG'
2023-11-05 23:25:17.327  INFO 19788 --- [restartedMain] .s.d.r.c.RepositoryConfigurationDelegate : Multiple Spring Data modules found, entering strict repository configuration mode!
2023-11-05 23:25:17.328  INFO 19788 --- [restartedMain] .s.d.r.c.RepositoryConfigurationDelegate : Bootstrapping Spring Data JDBC repositories in DEFAULT mode.
2023-11-05 23:25:17.350  INFO 19788 --- [restartedMain] .RepositoryConfigurationExtensionSupport : Spring Data JDBC - Could not safely identify store assignment for repository candidate interface com.example.paymybuddy.dao.IContactRepository. If you want this repository to be a JDBC repository, consider annotating your entities with one of these annotations: org.springframework.data.relational.core.mapping.Table.
2023-11-05 23:25:17.352  INFO 19788 --- [restartedMain] .RepositoryConfigurationExtensionSupport : Spring Data JDBC - Could not safely identify store assignment for repository candidate interface com.example.paymybuddy.dao.IRefillBalanceRepository. If you want this repository to be a JDBC repository, consider annotating your entities with one of these annotations: org.springframework.data.relational.core.mapping.Table.
2023-11-05 23:25:17.353  INFO 19788 --- [restartedMain] .RepositoryConfigurationExtensionSupport : Spring Data JDBC - Could not safely identify store assignment for repository candidate interface com.example.paymybuddy.dao.ITransactionRepository. If you want this repository to be a JDBC repository, consider annotating your entities with one of these annotations: org.springframework.data.relational.core.mapping.Table.
2023-11-05 23:25:17.354  INFO 19788 --- [restartedMain] .RepositoryConfigurationExtensionSupport : Spring Data JDBC - Could not safely identify store assignment for repository candidate interface com.example.paymybuddy.dao.IUserListRepository. If you want this repository to be a JDBC repository, consider annotating your entities with one of these annotations: org.springframework.data.relational.core.mapping.Table.
2023-11-05 23:25:17.354  INFO 19788 --- [restartedMain] .RepositoryConfigurationExtensionSupport : Spring Data JDBC - Could not safely identify store assignment for repository candidate interface com.example.paymybuddy.dao.IUserRepository. If you want this repository to be a JDBC repository, consider annotating your entities with one of these annotations: org.springframework.data.relational.core.mapping.Table.
2023-11-05 23:25:17.355  INFO 19788 --- [restartedMain] .s.d.r.c.RepositoryConfigurationDelegate : Finished Spring Data repository scanning in 24 ms. Found 0 JDBC repository interfaces.
2023-11-05 23:25:17.361  INFO 19788 --- [restartedMain] .s.d.r.c.RepositoryConfigurationDelegate : Multiple Spring Data modules found, entering strict repository configuration mode!
2023-11-05 23:25:17.361  INFO 19788 --- [restartedMain] .s.d.r.c.RepositoryConfigurationDelegate : Bootstrapping Spring Data JPA repositories in DEFAULT mode.
2023-11-05 23:25:17.385  INFO 19788 --- [restartedMain] .s.d.r.c.RepositoryConfigurationDelegate : Finished Spring Data repository scanning in 20 ms. Found 5 JPA repository interfaces.
2023-11-05 23:25:17.777  INFO 19788 --- [restartedMain] o.s.b.w.embedded.tomcat.TomcatWebServer  : Tomcat initialized with port(s): 8085 (http)
2023-11-05 23:25:17.783  INFO 19788 --- [restartedMain] o.apache.catalina.core.StandardService   : Starting service [Tomcat]
2023-11-05 23:25:17.783  INFO 19788 --- [restartedMain] org.apache.catalina.core.StandardEngine  : Starting Servlet engine: [Apache Tomcat/9.0.54]
2023-11-05 23:25:17.859  INFO 19788 --- [restartedMain] o.a.c.c.C.[Tomcat].[localhost].[/]       : Initializing Spring embedded WebApplicationContext
2023-11-05 23:25:17.860  INFO 19788 --- [restartedMain] w.s.c.ServletWebServerApplicationContext : Root WebApplicationContext: initialization completed in 1019 ms
2023-11-05 23:25:17.880  INFO 19788 --- [restartedMain] com.zaxxer.hikari.HikariDataSource       : HikariPool-1 - Starting...
2023-11-05 23:25:18.166  INFO 19788 --- [restartedMain] com.zaxxer.hikari.HikariDataSource       : HikariPool-1 - Start completed.
2023-11-05 23:25:18.169  INFO 19788 --- [restartedMain] o.s.b.a.h2.H2ConsoleAutoConfiguration    : H2 console available at '/h2-console'. Database available at 'jdbc:mysql://localhost:3306/dbpaymybuddy'
2023-11-05 23:25:18.235  INFO 19788 --- [restartedMain] o.hibernate.jpa.internal.util.LogHelper  : HHH000204: Processing PersistenceUnitInfo [name: default]
2023-11-05 23:25:18.275  INFO 19788 --- [restartedMain] org.hibernate.Version                    : HHH000412: Hibernate ORM core version 5.4.32.Final
2023-11-05 23:25:18.383  INFO 19788 --- [restartedMain] o.hibernate.annotations.common.Version   : HCANN000001: Hibernate Commons Annotations {5.1.2.Final}
2023-11-05 23:25:18.466  INFO 19788 --- [restartedMain] org.hibernate.dialect.Dialect            : HHH000400: Using dialect: org.hibernate.dialect.MySQL5Dialect
2023-11-05 23:25:18.850  INFO 19788 --- [restartedMain] o.h.e.t.j.p.i.JtaPlatformInitiator       : HHH000490: Using JtaPlatform implementation: [org.hibernate.engine.transaction.jta.platform.internal.NoJtaPlatform]
2023-11-05 23:25:18.855  INFO 19788 --- [restartedMain] j.LocalContainerEntityManagerFactoryBean : Initialized JPA EntityManagerFactory for persistence unit 'default'
2023-11-05 23:25:19.165  WARN 19788 --- [restartedMain] JpaBaseConfiguration$JpaWebConfiguration : spring.jpa.open-in-view is enabled by default. Therefore, database queries may be performed during view rendering. Explicitly configure spring.jpa.open-in-view to disable this warning
2023-11-05 23:25:19.252  INFO 19788 --- [restartedMain] o.s.s.web.DefaultSecurityFilterChain     : Will secure Ant [pattern='/resources/**'] with []
2023-11-05 23:25:19.252  INFO 19788 --- [restartedMain] o.s.s.web.DefaultSecurityFilterChain     : Will secure Ant [pattern='/static/**'] with []
2023-11-05 23:25:19.252  INFO 19788 --- [restartedMain] o.s.s.web.DefaultSecurityFilterChain     : Will secure Ant [pattern='/static/fonts/**'] with []
2023-11-05 23:25:19.252  INFO 19788 --- [restartedMain] o.s.s.web.DefaultSecurityFilterChain     : Will secure Ant [pattern='/error'] with []
2023-11-05 23:25:19.273  INFO 19788 --- [restartedMain] o.s.s.web.DefaultSecurityFilterChain     : Will secure any request with [org.springframework.security.web.context.request.async.WebAsyncManagerIntegrationFilter@1437e3d7, org.springframework.security.web.context.SecurityContextPersistenceFilter@7b24d81a, org.springframework.security.web.header.HeaderWriterFilter@6a2a9d4f, org.springframework.security.web.csrf.CsrfFilter@37f305be, org.springframework.security.web.authentication.logout.LogoutFilter@66a1b9ef, org.springframework.security.web.authentication.UsernamePasswordAuthenticationFilter@319f69d0, org.springframework.security.web.savedrequest.RequestCacheAwareFilter@7e63f52a, org.springframework.security.web.servletapi.SecurityContextHolderAwareRequestFilter@7b81047, org.springframework.security.web.authentication.rememberme.RememberMeAuthenticationFilter@812ae36, org.springframework.security.web.authentication.AnonymousAuthenticationFilter@28e1fbd1, org.springframework.security.web.session.SessionManagementFilter@4deb5f59, org.springframework.security.web.access.ExceptionTranslationFilter@442af7b8, org.springframework.security.web.access.intercept.FilterSecurityInterceptor@17c19740]
2023-11-05 23:25:19.614  INFO 19788 --- [restartedMain] o.s.b.d.a.OptionalLiveReloadServer       : LiveReload server is running on port 35729
2023-11-05 23:25:19.641  INFO 19788 --- [restartedMain] o.s.b.w.embedded.tomcat.TomcatWebServer  : Tomcat started on port(s): 8085 (http) with context path ''
2023-11-05 23:25:19.649  INFO 19788 --- [restartedMain] c.e.paymybuddy.PaymybuddyApplication     : Started PaymybuddyApplication in 3.122 seconds (JVM running for 3.752)
2023-11-05 23:25:47.143  INFO 19788 --- [http-nio-8085-exec-1] o.a.c.c.C.[Tomcat].[localhost].[/]       : Initializing Spring DispatcherServlet 'dispatcherServlet'
2023-11-05 23:25:47.143  INFO 19788 --- [http-nio-8085-exec-1] o.s.web.servlet.DispatcherServlet        : Initializing Servlet 'dispatcherServlet'
2023-11-05 23:25:47.144  INFO 19788 --- [http-nio-8085-exec-1] o.s.web.servlet.DispatcherServlet        : Completed initialization in 1 ms
2023-11-05 23:25:47.219  INFO 19788 --- [http-nio-8085-exec-2] c.e.p.controller.SecurityController      : Controller: Displaying login form
2023-11-05 23:25:47.477  INFO 19788 --- [http-nio-8085-exec-4] c.e.p.controller.SecurityController      : Controller: Displaying login form
2023-11-05 23:25:47.575  INFO 19788 --- [http-nio-8085-exec-6] c.e.p.controller.SecurityController      : Controller: Displaying login form
2023-11-05 23:25:54.337  INFO 19788 --- [http-nio-8085-exec-2] c.e.p.controller.SecurityController      : Controller: Success. Displaying sign up form at /sign_up
2023-11-05 23:25:54.387  INFO 19788 --- [http-nio-8085-exec-4] c.e.p.controller.SecurityController      : Controller: Success. Displaying sign up form at /sign_up
2023-11-05 23:25:54.418  INFO 19788 --- [http-nio-8085-exec-6] c.e.p.controller.SecurityController      : Controller: Displaying login form
2023-11-05 23:26:41.433  WARN 19788 --- [http-nio-8085-exec-2] c.e.p.controller.SecurityController      : Controller: Error. This email already in use by another user
2023-11-05 23:26:41.481  INFO 19788 --- [http-nio-8085-exec-4] c.e.p.controller.SecurityController      : Controller: Success. Displaying sign up form at /sign_up
2023-11-05 23:26:41.498  INFO 19788 --- [http-nio-8085-exec-6] c.e.p.controller.SecurityController      : Controller: Displaying login form
2023-11-05 23:27:40.857  INFO 19788 --- [http-nio-8085-exec-2] c.e.p.controller.SecurityController      : Controller: Success. HTTP POST request received at /sign_up URL
2023-11-05 23:27:40.869  INFO 19788 --- [http-nio-8085-exec-3] c.e.p.controller.SecurityController      : Controller: Displaying login form
2023-11-05 23:27:40.925  INFO 19788 --- [http-nio-8085-exec-4] c.e.p.controller.SecurityController      : Controller: Displaying login form
2023-11-05 23:27:40.953  INFO 19788 --- [http-nio-8085-exec-8] c.e.p.controller.SecurityController      : Controller: Displaying login form
2023-11-05 23:32:20.548  INFO 19788 --- [http-nio-8085-exec-6] c.e.p.controller.HomeController          : Controller: Success. HTTP GET request received at /home URL.Curent user: tony@gmail.com
2023-11-05 23:32:20.647  INFO 19788 --- [http-nio-8085-exec-6] c.e.p.controller.HomeController          : Controller: Success. HTTP GET request received at /home URL.Curent user: tony@gmail.com
2023-11-05 23:32:25.022  INFO 19788 --- [http-nio-8085-exec-2] c.e.p.controller.ContactController       : Controller: Success. HTTP GET request received at /contacts URL
2023-11-05 23:32:25.114  INFO 19788 --- [http-nio-8085-exec-1] c.e.p.controller.ContactController       : Controller: Success. HTTP GET request received at /contacts URL
2023-11-05 23:32:35.672  INFO 19788 --- [http-nio-8085-exec-2] c.e.p.controller.HomeController          : Controller: Success. HTTP GET request received at /home URL.Curent user: tony@gmail.com
2023-11-05 23:32:35.717  INFO 19788 --- [http-nio-8085-exec-9] c.e.p.controller.HomeController          : Controller: Success. HTTP GET request received at /home URL.Curent user: tony@gmail.com
2023-11-05 23:32:42.534  INFO 19788 --- [http-nio-8085-exec-6] c.e.p.controller.TransactionController   : Controller: Success. HTTP GET request received at /transaction URL
2023-11-05 23:32:42.656  INFO 19788 --- [http-nio-8085-exec-8] c.e.p.controller.TransactionController   : Controller: Success. HTTP GET request received at /transaction URL
2023-11-05 23:35:49.323  INFO 19788 --- [SpringApplicationShutdownHook] j.LocalContainerEntityManagerFactoryBean : Closing JPA EntityManagerFactory for persistence unit 'default'
2023-11-05 23:35:49.326  INFO 19788 --- [SpringApplicationShutdownHook] com.zaxxer.hikari.HikariDataSource       : HikariPool-1 - Shutdown initiated...
2023-11-05 23:35:49.333  INFO 19788 --- [SpringApplicationShutdownHook] com.zaxxer.hikari.HikariDataSource       : HikariPool-1 - Shutdown completed.
